Using pre-set license
Built from '2020.3/staging' branch; Version is '2020.3.24f1 (79c78de19888) revision 7980941'; Using compiler version '192528614'; Build Type 'Release'
OS: 'Windows 10  (10.0.18363) 64bit Core' Language: 'en' Physical Memory: 6091 MB
BatchMode: 1, IsHumanControllingUs: 0, StartBugReporterOnCrash: 0, Is64bit: 1, IsPro: 0

COMMAND LINE ARGUMENTS:
D:\Unity\2020.3.24f1\Editor\Unity.exe
-adb2
-batchMode
-noUpm
-name
AssetImportWorker2
-projectPath
C:/Users/mbqua/Desktop/Projects/Mobile_Game/Mobile_Game/Mobile
-logFile
Logs/AssetImportWorker2.log
-srvPort
53078
Successfully changed project path to: C:/Users/mbqua/Desktop/Projects/Mobile_Game/Mobile_Game/Mobile
C:/Users/mbqua/Desktop/Projects/Mobile_Game/Mobile_Game/Mobile
Using Asset Import Pipeline V2.
Refreshing native plugins compatible for Editor in 120.92 ms, found 2 plugins.
Preloading 0 native plugins for Editor in 0.00 ms.
Initialize engine version: 2020.3.24f1 (79c78de19888)
[Subsystems] Discovering subsystems at path D:/Unity/2020.3.24f1/Editor/Data/Resources/UnitySubsystems
[Subsystems] Discovering subsystems at path C:/Users/mbqua/Desktop/Projects/Mobile_Game/Mobile_Game/Mobile/Assets
GfxDevice: creating device client; threaded=0
Direct3D:
    Version:  Direct3D 11.0 [level 11.1]
    Renderer: AMD Radeon(TM) Vega 8 Graphics (ID=0x15d8)
    Vendor:   
    VRAM:     3045 MB
    Driver:   27.20.14544.6
Initialize mono
Mono path[0] = 'D:/Unity/2020.3.24f1/Editor/Data/Managed'
Mono path[1] = 'D:/Unity/2020.3.24f1/Editor/Data/MonoBleedingEdge/lib/mono/unityjit'
Mono config path = 'D:/Unity/2020.3.24f1/Editor/Data/MonoBleedingEdge/etc'
Using monoOptions --debugger-agent=transport=dt_socket,embedding=1,server=y,suspend=n,address=127.0.0.1:56228
Begin MonoManager ReloadAssembly
Registering precompiled unity dll's ...
Register platform support module: D:/Unity/2020.3.24f1/Editor/Data/PlaybackEngines/WindowsStandaloneSupport/UnityEditor.WindowsStandalone.Extensions.dll
Registered in 0.002584 seconds.
Native extension for WindowsStandalone target not found
Refreshing native plugins compatible for Editor in 94.39 ms, found 2 plugins.
Preloading 0 native plugins for Editor in 0.00 ms.
Mono: successfully reloaded assembly
- Completed reload, in  2.121 seconds
Domain Reload Profiling:
	ReloadAssembly (2122ms)
		BeginReloadAssembly (159ms)
			ExecutionOrderSort (0ms)
			DisableScriptedObjects (0ms)
			BackupInstance (0ms)
			ReleaseScriptingObjects (0ms)
			CreateAndSetChildDomain (3ms)
		EndReloadAssembly (1688ms)
			LoadAssemblies (156ms)
			RebuildTransferFunctionScriptingTraits (0ms)
			SetupTypeCache (538ms)
			ReleaseScriptCaches (0ms)
			RebuildScriptCaches (103ms)
			SetupLoadedEditorAssemblies (670ms)
				LogAssemblyErrors (0ms)
				InitializePlatformSupportModulesInManaged (13ms)
				SetLoadedEditorAssemblies (1ms)
				RefreshPlugins (95ms)
				BeforeProcessingInitializeOnLoad (70ms)
				ProcessInitializeOnLoadAttributes (338ms)
				ProcessInitializeOnLoadMethodAttributes (143ms)
				AfterProcessingInitializeOnLoad (0ms)
				EditorAssembliesLoaded (11ms)
			ExecutionOrderSort2 (0ms)
			AwakeInstancesAfterBackupRestoration (0ms)
Platform modules already initialized, skipping
Registering precompiled user dll's ...
Registered in 0.014465 seconds.
Begin MonoManager ReloadAssembly
Native extension for WindowsStandalone target not found
Refreshing native plugins compatible for Editor in 0.78 ms, found 2 plugins.
Preloading 0 native plugins for Editor in 0.00 ms.
Mono: successfully reloaded assembly
- Completed reload, in  5.708 seconds
Domain Reload Profiling:
	ReloadAssembly (5723ms)
		BeginReloadAssembly (513ms)
			ExecutionOrderSort (0ms)
			DisableScriptedObjects (16ms)
			BackupInstance (0ms)
			ReleaseScriptingObjects (0ms)
			CreateAndSetChildDomain (52ms)
		EndReloadAssembly (5029ms)
			LoadAssemblies (291ms)
			RebuildTransferFunctionScriptingTraits (0ms)
			SetupTypeCache (1232ms)
			ReleaseScriptCaches (1ms)
			RebuildScriptCaches (127ms)
			SetupLoadedEditorAssemblies (2989ms)
				LogAssemblyErrors (0ms)
				InitializePlatformSupportModulesInManaged (14ms)
				SetLoadedEditorAssemblies (2ms)
				RefreshPlugins (1ms)
				BeforeProcessingInitializeOnLoad (235ms)
				ProcessInitializeOnLoadAttributes (800ms)
				ProcessInitializeOnLoadMethodAttributes (1931ms)
				AfterProcessingInitializeOnLoad (6ms)
				EditorAssembliesLoaded (1ms)
			ExecutionOrderSort2 (0ms)
			AwakeInstancesAfterBackupRestoration (21ms)
Platform modules already initialized, skipping
========================================================================
Worker process is ready to serve import requests
Launched and connected shader compiler UnityShaderCompiler.exe after 0.35 seconds
Refreshing native plugins compatible for Editor in 1.39 ms, found 2 plugins.
Preloading 0 native plugins for Editor in 0.00 ms.
Unloading 1527 Unused Serialized files (Serialized files now loaded: 0)
System memory in use before: 71.2 MB.
System memory in use after: 71.3 MB.

Unloading 19 unused Assets to reduce memory usage. Loaded Objects now: 1960.
Total: 8.289300 ms (FindLiveObjects: 0.352500 ms CreateObjectMapping: 0.096200 ms MarkObjects: 7.657300 ms  DeleteObjects: 0.180200 ms)

AssetImportParameters requested are different than current active one (requested -> active):
  custom:framework-win-MediaFoundation: 216162199b28c13a410421893ffa2e32 -> 
  custom:video-decoder-ogg-theora: a1e56fd34408186e4bbccfd4996cb3dc -> 
  custom:container-muxer-webm: aa71ff27fc2769a1b78a27578f13a17b -> 
  custom:container-demuxer-webm: 4f35f7cbe854078d1ac9338744f61a02 -> 
  custom:container-demuxer-ogg: 62fdf1f143b41e24485cea50d1cbac27 -> 
  custom:video-encoder-webm-vp8: eb34c28f22e8b96e1ab97ce403110664 -> 
  custom:video-decoder-webm-vp8: 9c59270c3fd7afecdb556c50c9e8de78 -> 
  custom:audio-decoder-ogg-vorbis: bf7c407c2cedff20999df2af8eb42d56 -> 
  custom:audio-encoder-webm-vorbis: bf7c407c2cedff20999df2af8eb42d56 -> 
========================================================================
Received Import Request.
  path: Assets/Scripts/ProceduralGeneration.cs
  artifactKey: Guid(5f07e8d6b638b2040b24a75f1b216788) Importer(815301076,1909f56bfc062723c751e8b465ee728b)
Start importing Assets/Scripts/ProceduralGeneration.cs using Guid(5f07e8d6b638b2040b24a75f1b216788) Importer(815301076,1909f56bfc062723c751e8b465ee728b)  -> (artifact id: '3743fbcfc5c30110c0c1b0463aed4482') in 0.202413 seconds 
  Import took 0.209566 seconds .

========================================================================
Received Import Request.
  Time since last request: 1859.513061 seconds.
  path: Assets/Scripts/ProceduralGeneration.cs
  artifactKey: Guid(5f07e8d6b638b2040b24a75f1b216788) Importer(815301076,1909f56bfc062723c751e8b465ee728b)
Start importing Assets/Scripts/ProceduralGeneration.cs using Guid(5f07e8d6b638b2040b24a75f1b216788) Importer(815301076,1909f56bfc062723c751e8b465ee728b)  -> (artifact id: 'd90df29e47684bb4f7c2a53469558bee') in 0.025180 seconds 
  Import took 0.035543 seconds .

========================================================================
Received Import Request.
  Time since last request: 673.374298 seconds.
  path: Assets/Scripts/ProceduralGeneration.cs
  artifactKey: Guid(5f07e8d6b638b2040b24a75f1b216788) Importer(815301076,1909f56bfc062723c751e8b465ee728b)
Start importing Assets/Scripts/ProceduralGeneration.cs using Guid(5f07e8d6b638b2040b24a75f1b216788) Importer(815301076,1909f56bfc062723c751e8b465ee728b)  -> (artifact id: 'c54fbd9c409dc22b2c64da93cd18e7c1') in 0.011329 seconds 
  Import took 0.019224 seconds .

========================================================================
Received Import Request.
  Time since last request: 23.415788 seconds.
  path: Assets/Scripts/ProceduralGeneration.cs
  artifactKey: Guid(5f07e8d6b638b2040b24a75f1b216788) Importer(815301076,1909f56bfc062723c751e8b465ee728b)
Start importing Assets/Scripts/ProceduralGeneration.cs using Guid(5f07e8d6b638b2040b24a75f1b216788) Importer(815301076,1909f56bfc062723c751e8b465ee728b)  -> (artifact id: 'e07bff0324616fb2076c51de108cb6f2') in 0.018350 seconds 
  Import took 0.028745 seconds .

========================================================================
Received Import Request.
  Time since last request: 5.943582 seconds.
  path: Assets/Scripts/ProceduralGeneration.cs
  artifactKey: Guid(5f07e8d6b638b2040b24a75f1b216788) Importer(815301076,1909f56bfc062723c751e8b465ee728b)
Start importing Assets/Scripts/ProceduralGeneration.cs using Guid(5f07e8d6b638b2040b24a75f1b216788) Importer(815301076,1909f56bfc062723c751e8b465ee728b)  -> (artifact id: '012b93cfb008e6658f50bcf812a7ffc8') in 0.011887 seconds 
  Import took 0.019563 seconds .

========================================================================
Received Import Request.
  Time since last request: 69.185423 seconds.
  path: Assets/Scripts/ProceduralGeneration.cs
  artifactKey: Guid(5f07e8d6b638b2040b24a75f1b216788) Importer(815301076,1909f56bfc062723c751e8b465ee728b)
Start importing Assets/Scripts/ProceduralGeneration.cs using Guid(5f07e8d6b638b2040b24a75f1b216788) Importer(815301076,1909f56bfc062723c751e8b465ee728b)  -> (artifact id: '56e96b364022daa6433c97c45ca54dcb') in 0.009530 seconds 
  Import took 0.021959 seconds .

========================================================================
Received Import Request.
  Time since last request: 24.181669 seconds.
  path: Assets/Scripts/ProceduralGeneration.cs
  artifactKey: Guid(5f07e8d6b638b2040b24a75f1b216788) Importer(815301076,1909f56bfc062723c751e8b465ee728b)
Start importing Assets/Scripts/ProceduralGeneration.cs using Guid(5f07e8d6b638b2040b24a75f1b216788) Importer(815301076,1909f56bfc062723c751e8b465ee728b)  -> (artifact id: '9152fcd96b54c785c188ac1152e8bb4a') in 0.010667 seconds 
  Import took 0.024132 seconds .

========================================================================
Received Import Request.
  Time since last request: 3.568337 seconds.
  path: Assets/Scripts/ProceduralGeneration.cs
  artifactKey: Guid(5f07e8d6b638b2040b24a75f1b216788) Importer(815301076,1909f56bfc062723c751e8b465ee728b)
Start importing Assets/Scripts/ProceduralGeneration.cs using Guid(5f07e8d6b638b2040b24a75f1b216788) Importer(815301076,1909f56bfc062723c751e8b465ee728b)  -> (artifact id: '63b3a773c85695f5fc5cc5f712472445') in 0.010979 seconds 
  Import took 0.016952 seconds .

========================================================================
Received Import Request.
  Time since last request: 24.025110 seconds.
  path: Assets/Scripts/ProceduralGeneration.cs
  artifactKey: Guid(5f07e8d6b638b2040b24a75f1b216788) Importer(815301076,1909f56bfc062723c751e8b465ee728b)
Start importing Assets/Scripts/ProceduralGeneration.cs using Guid(5f07e8d6b638b2040b24a75f1b216788) Importer(815301076,1909f56bfc062723c751e8b465ee728b)  -> (artifact id: '1f1af20f1bee411a8f0b81f58701f056') in 0.010341 seconds 
  Import took 0.018335 seconds .

========================================================================
Received Import Request.
  Time since last request: 39.950108 seconds.
  path: Assets/Scripts/ProceduralGeneration.cs
  artifactKey: Guid(5f07e8d6b638b2040b24a75f1b216788) Importer(815301076,1909f56bfc062723c751e8b465ee728b)
Start importing Assets/Scripts/ProceduralGeneration.cs using Guid(5f07e8d6b638b2040b24a75f1b216788) Importer(815301076,1909f56bfc062723c751e8b465ee728b)  -> (artifact id: '9d4e46ef90022e445b466c2303127c58') in 0.010018 seconds 
  Import took 0.022744 seconds .

========================================================================
Received Import Request.
  Time since last request: 5.296173 seconds.
  path: Assets/Scripts/ProceduralGeneration.cs
  artifactKey: Guid(5f07e8d6b638b2040b24a75f1b216788) Importer(815301076,1909f56bfc062723c751e8b465ee728b)
Start importing Assets/Scripts/ProceduralGeneration.cs using Guid(5f07e8d6b638b2040b24a75f1b216788) Importer(815301076,1909f56bfc062723c751e8b465ee728b)  -> (artifact id: '79ae6b54ccbe59d9425be6edd8022593') in 0.010770 seconds 
  Import took 0.023868 seconds .

========================================================================
Received Import Request.
  Time since last request: 13.098154 seconds.
  path: Assets/Scripts/ProceduralGeneration.cs
  artifactKey: Guid(5f07e8d6b638b2040b24a75f1b216788) Importer(815301076,1909f56bfc062723c751e8b465ee728b)
Start importing Assets/Scripts/ProceduralGeneration.cs using Guid(5f07e8d6b638b2040b24a75f1b216788) Importer(815301076,1909f56bfc062723c751e8b465ee728b)  -> (artifact id: '2e2c36f27a7ad26bfb219153660a9f20') in 0.016320 seconds 
  Import took 0.028109 seconds .

========================================================================
Received Import Request.
  Time since last request: 76.824772 seconds.
  path: Assets/Scripts/ProceduralGeneration.cs
  artifactKey: Guid(5f07e8d6b638b2040b24a75f1b216788) Importer(815301076,1909f56bfc062723c751e8b465ee728b)
Start importing Assets/Scripts/ProceduralGeneration.cs using Guid(5f07e8d6b638b2040b24a75f1b216788) Importer(815301076,1909f56bfc062723c751e8b465ee728b)  -> (artifact id: '3182f18f3419d0ec4abcd55cb4df13e0') in 0.010351 seconds 
  Import took 0.023396 seconds .

========================================================================
Received Import Request.
  Time since last request: 38.575964 seconds.
  path: Assets/Scripts/ProceduralGeneration.cs
  artifactKey: Guid(5f07e8d6b638b2040b24a75f1b216788) Importer(815301076,1909f56bfc062723c751e8b465ee728b)
Start importing Assets/Scripts/ProceduralGeneration.cs using Guid(5f07e8d6b638b2040b24a75f1b216788) Importer(815301076,1909f56bfc062723c751e8b465ee728b)  -> (artifact id: 'dba873a0976cc9ce165cddbee83d5624') in 0.009803 seconds 
  Import took 0.022566 seconds .

========================================================================
Received Import Request.
  Time since last request: 10.310109 seconds.
  path: Assets/Scripts/ProceduralGeneration.cs
  artifactKey: Guid(5f07e8d6b638b2040b24a75f1b216788) Importer(815301076,1909f56bfc062723c751e8b465ee728b)
Start importing Assets/Scripts/ProceduralGeneration.cs using Guid(5f07e8d6b638b2040b24a75f1b216788) Importer(815301076,1909f56bfc062723c751e8b465ee728b)  -> (artifact id: 'c04d08b0bb619315672cdaa7717eb94c') in 0.011245 seconds 
  Import took 0.022153 seconds .

========================================================================
Received Import Request.
  Time since last request: 20.145736 seconds.
  path: Assets/Scripts/ProceduralGeneration.cs
  artifactKey: Guid(5f07e8d6b638b2040b24a75f1b216788) Importer(815301076,1909f56bfc062723c751e8b465ee728b)
Start importing Assets/Scripts/ProceduralGeneration.cs using Guid(5f07e8d6b638b2040b24a75f1b216788) Importer(815301076,1909f56bfc062723c751e8b465ee728b)  -> (artifact id: '69611918199fb83fe40cb1b0b918d4f5') in 0.023435 seconds 
  Import took 0.039591 seconds .

========================================================================
Received Import Request.
  Time since last request: 33.913416 seconds.
  path: Assets/Scripts/ProceduralGeneration.cs
  artifactKey: Guid(5f07e8d6b638b2040b24a75f1b216788) Importer(815301076,1909f56bfc062723c751e8b465ee728b)
Start importing Assets/Scripts/ProceduralGeneration.cs using Guid(5f07e8d6b638b2040b24a75f1b216788) Importer(815301076,1909f56bfc062723c751e8b465ee728b)  -> (artifact id: '6c65adb496092016bead511dadc977f9') in 0.014210 seconds 
  Import took 0.041400 seconds .

========================================================================
Received Import Request.
  Time since last request: 7.868778 seconds.
  path: Assets/Scripts/ProceduralGeneration.cs
  artifactKey: Guid(5f07e8d6b638b2040b24a75f1b216788) Importer(815301076,1909f56bfc062723c751e8b465ee728b)
Start importing Assets/Scripts/ProceduralGeneration.cs using Guid(5f07e8d6b638b2040b24a75f1b216788) Importer(815301076,1909f56bfc062723c751e8b465ee728b)  -> (artifact id: '8af0294dfa4c7413399e614b2de3242d') in 0.015128 seconds 
  Import took 0.021075 seconds .

========================================================================
Received Import Request.
  Time since last request: 1.860793 seconds.
  path: Assets/Scripts/ProceduralGeneration.cs
  artifactKey: Guid(5f07e8d6b638b2040b24a75f1b216788) Importer(815301076,1909f56bfc062723c751e8b465ee728b)
Start importing Assets/Scripts/ProceduralGeneration.cs using Guid(5f07e8d6b638b2040b24a75f1b216788) Importer(815301076,1909f56bfc062723c751e8b465ee728b)  -> (artifact id: 'd311ece88e5e471572c017e314df516c') in 0.018368 seconds 
  Import took 0.025666 seconds .

========================================================================
Received Import Request.
  Time since last request: 19.120697 seconds.
  path: Assets/Scripts/ProceduralGeneration.cs
  artifactKey: Guid(5f07e8d6b638b2040b24a75f1b216788) Importer(815301076,1909f56bfc062723c751e8b465ee728b)
Start importing Assets/Scripts/ProceduralGeneration.cs using Guid(5f07e8d6b638b2040b24a75f1b216788) Importer(815301076,1909f56bfc062723c751e8b465ee728b)  -> (artifact id: '065c690c1a51eb60b22916bc4a27a037') in 0.010189 seconds 
  Import took 0.022623 seconds .

========================================================================
Received Import Request.
  Time since last request: 6.839915 seconds.
  path: Assets/Scripts/ProceduralGeneration.cs
  artifactKey: Guid(5f07e8d6b638b2040b24a75f1b216788) Importer(815301076,1909f56bfc062723c751e8b465ee728b)
Start importing Assets/Scripts/ProceduralGeneration.cs using Guid(5f07e8d6b638b2040b24a75f1b216788) Importer(815301076,1909f56bfc062723c751e8b465ee728b)  -> (artifact id: '0ef5f9ff47090d737012b94261bc4dd9') in 0.010262 seconds 
  Import took 0.016200 seconds .

========================================================================
Received Import Request.
  Time since last request: 59.917018 seconds.
  path: Assets/Scripts/ProceduralGeneration.cs
  artifactKey: Guid(5f07e8d6b638b2040b24a75f1b216788) Importer(815301076,1909f56bfc062723c751e8b465ee728b)
Start importing Assets/Scripts/ProceduralGeneration.cs using Guid(5f07e8d6b638b2040b24a75f1b216788) Importer(815301076,1909f56bfc062723c751e8b465ee728b)  -> (artifact id: 'daf48f3b20627513f9a6199147a1beec') in 0.012085 seconds 
  Import took 0.024019 seconds .

========================================================================
Received Import Request.
  Time since last request: 10.534263 seconds.
  path: Assets/Scripts/ProceduralGeneration.cs
  artifactKey: Guid(5f07e8d6b638b2040b24a75f1b216788) Importer(815301076,1909f56bfc062723c751e8b465ee728b)
Start importing Assets/Scripts/ProceduralGeneration.cs using Guid(5f07e8d6b638b2040b24a75f1b216788) Importer(815301076,1909f56bfc062723c751e8b465ee728b)  -> (artifact id: 'dfc08602c3357dc5c4c05ebcb9249160') in 0.022516 seconds 
  Import took 0.030636 seconds .

========================================================================
Received Import Request.
  Time since last request: 31.951318 seconds.
  path: Assets/Scripts/ProceduralGeneration.cs
  artifactKey: Guid(5f07e8d6b638b2040b24a75f1b216788) Importer(815301076,1909f56bfc062723c751e8b465ee728b)
Start importing Assets/Scripts/ProceduralGeneration.cs using Guid(5f07e8d6b638b2040b24a75f1b216788) Importer(815301076,1909f56bfc062723c751e8b465ee728b)  -> (artifact id: '7fd173e273dceb64b26a44b327050854') in 0.011969 seconds 
  Import took 0.025881 seconds .

========================================================================
Received Import Request.
  Time since last request: 17.737746 seconds.
  path: Assets/Scripts/ProceduralGeneration.cs
  artifactKey: Guid(5f07e8d6b638b2040b24a75f1b216788) Importer(815301076,1909f56bfc062723c751e8b465ee728b)
Start importing Assets/Scripts/ProceduralGeneration.cs using Guid(5f07e8d6b638b2040b24a75f1b216788) Importer(815301076,1909f56bfc062723c751e8b465ee728b)  -> (artifact id: 'afc97a214dabb41ef267fd570bfe1974') in 0.010762 seconds 
  Import took 0.023659 seconds .

========================================================================
Received Import Request.
  Time since last request: 12.461768 seconds.
  path: Assets/Scripts/ProceduralGeneration.cs
  artifactKey: Guid(5f07e8d6b638b2040b24a75f1b216788) Importer(815301076,1909f56bfc062723c751e8b465ee728b)
Start importing Assets/Scripts/ProceduralGeneration.cs using Guid(5f07e8d6b638b2040b24a75f1b216788) Importer(815301076,1909f56bfc062723c751e8b465ee728b)  -> (artifact id: '39230bdd4e131b032ad6028286f4e06c') in 0.010934 seconds 
  Import took 0.017170 seconds .

========================================================================
Received Import Request.
  Time since last request: 12.491149 seconds.
  path: Assets/Scripts/ProceduralGeneration.cs
  artifactKey: Guid(5f07e8d6b638b2040b24a75f1b216788) Importer(815301076,1909f56bfc062723c751e8b465ee728b)
Start importing Assets/Scripts/ProceduralGeneration.cs using Guid(5f07e8d6b638b2040b24a75f1b216788) Importer(815301076,1909f56bfc062723c751e8b465ee728b)  -> (artifact id: '8784e85494955fbb8246c5227bf43960') in 0.013138 seconds 
  Import took 0.021986 seconds .

========================================================================
Received Import Request.
  Time since last request: 6.372773 seconds.
  path: Assets/Scripts/ProceduralGeneration.cs
  artifactKey: Guid(5f07e8d6b638b2040b24a75f1b216788) Importer(815301076,1909f56bfc062723c751e8b465ee728b)
Start importing Assets/Scripts/ProceduralGeneration.cs using Guid(5f07e8d6b638b2040b24a75f1b216788) Importer(815301076,1909f56bfc062723c751e8b465ee728b)  -> (artifact id: '692537ffe25428d77b50c55aa0981fce') in 0.010503 seconds 
  Import took 0.016611 seconds .

========================================================================
Received Import Request.
  Time since last request: 9.856039 seconds.
  path: Assets/Scripts/ProceduralGeneration.cs
  artifactKey: Guid(5f07e8d6b638b2040b24a75f1b216788) Importer(815301076,1909f56bfc062723c751e8b465ee728b)
Start importing Assets/Scripts/ProceduralGeneration.cs using Guid(5f07e8d6b638b2040b24a75f1b216788) Importer(815301076,1909f56bfc062723c751e8b465ee728b)  -> (artifact id: '040ecca2eeba9c4e06cf8c3443a3c9f2') in 0.011358 seconds 
  Import took 0.023759 seconds .

========================================================================
Received Import Request.
  Time since last request: 14.476076 seconds.
  path: Assets/Scripts/ProceduralGeneration.cs
  artifactKey: Guid(5f07e8d6b638b2040b24a75f1b216788) Importer(815301076,1909f56bfc062723c751e8b465ee728b)
Start importing Assets/Scripts/ProceduralGeneration.cs using Guid(5f07e8d6b638b2040b24a75f1b216788) Importer(815301076,1909f56bfc062723c751e8b465ee728b)  -> (artifact id: '917e5152086a5c03d4e83cfeb71cb1b6') in 0.016623 seconds 
  Import took 0.022215 seconds .

========================================================================
Received Import Request.
  Time since last request: 41.973278 seconds.
  path: Assets/Scripts/ProceduralGeneration.cs
  artifactKey: Guid(5f07e8d6b638b2040b24a75f1b216788) Importer(815301076,1909f56bfc062723c751e8b465ee728b)
Start importing Assets/Scripts/ProceduralGeneration.cs using Guid(5f07e8d6b638b2040b24a75f1b216788) Importer(815301076,1909f56bfc062723c751e8b465ee728b)  -> (artifact id: '366edcf46ea7effb9b0496bb95fcf493') in 0.009465 seconds 
  Import took 0.016288 seconds .

========================================================================
Received Prepare
Registering precompiled user dll's ...
Registered in 0.363022 seconds.
Begin MonoManager ReloadAssembly
Native extension for WindowsStandalone target not found
Refreshing native plugins compatible for Editor in 1.21 ms, found 2 plugins.
Preloading 0 native plugins for Editor in 0.00 ms.
Mono: successfully reloaded assembly
- Completed reload, in  3.605 seconds
Domain Reload Profiling:
	ReloadAssembly (3608ms)
		BeginReloadAssembly (414ms)
			ExecutionOrderSort (0ms)
			DisableScriptedObjects (25ms)
			BackupInstance (0ms)
			ReleaseScriptingObjects (0ms)
			CreateAndSetChildDomain (166ms)
		EndReloadAssembly (2960ms)
			LoadAssemblies (306ms)
			RebuildTransferFunctionScriptingTraits (0ms)
			SetupTypeCache (1035ms)
			ReleaseScriptCaches (2ms)
			RebuildScriptCaches (119ms)
			SetupLoadedEditorAssemblies (1041ms)
				LogAssemblyErrors (0ms)
				InitializePlatformSupportModulesInManaged (15ms)
				SetLoadedEditorAssemblies (2ms)
				RefreshPlugins (1ms)
				BeforeProcessingInitializeOnLoad (273ms)
				ProcessInitializeOnLoadAttributes (714ms)
				ProcessInitializeOnLoadMethodAttributes (28ms)
				AfterProcessingInitializeOnLoad (5ms)
				EditorAssembliesLoaded (1ms)
			ExecutionOrderSort2 (0ms)
			AwakeInstancesAfterBackupRestoration (23ms)
Platform modules already initialized, skipping
Switching build target platform(19) subTarget(0) extendedPlatform(0) -> platform(13) subTarget(537395200) extendedPlatform(0)
Refreshing native plugins compatible for Editor in 0.80 ms, found 2 plugins.
Preloading 0 native plugins for Editor in 0.00 ms.
Unloading 1511 Unused Serialized files (Serialized files now loaded: 0)
System memory in use before: 69.6 MB.
System memory in use after: 69.7 MB.

Unloading 14 unused Assets to reduce memory usage. Loaded Objects now: 1962.
Total: 8.325600 ms (FindLiveObjects: 0.409900 ms CreateObjectMapping: 0.127200 ms MarkObjects: 7.743600 ms  DeleteObjects: 0.041500 ms)

AssetImportParameters requested are different than current active one (requested -> active):
  custom:framework-win-MediaFoundation: 216162199b28c13a410421893ffa2e32 -> 
  custom:video-decoder-ogg-theora: a1e56fd34408186e4bbccfd4996cb3dc -> 
  custom:container-muxer-webm: aa71ff27fc2769a1b78a27578f13a17b -> 
  custom:container-demuxer-webm: 4f35f7cbe854078d1ac9338744f61a02 -> 
  custom:container-demuxer-ogg: 62fdf1f143b41e24485cea50d1cbac27 -> 
  custom:video-encoder-webm-vp8: eb34c28f22e8b96e1ab97ce403110664 -> 
  custom:video-decoder-webm-vp8: 9c59270c3fd7afecdb556c50c9e8de78 -> 
  custom:graphics/normal-map-encoding: 01000000000000000000000000000000 -> 02000000000000000000000000000000
  custom:audio-decoder-ogg-vorbis: bf7c407c2cedff20999df2af8eb42d56 -> 
  custom:audio-encoder-webm-vorbis: bf7c407c2cedff20999df2af8eb42d56 -> 
========================================================================
Received Prepare
Registering precompiled user dll's ...
Registered in 0.015562 seconds.
Begin MonoManager ReloadAssembly
Native extension for WindowsStandalone target not found
Refreshing native plugins compatible for Editor in 0.84 ms, found 2 plugins.
Preloading 0 native plugins for Editor in 0.00 ms.
Mono: successfully reloaded assembly
- Completed reload, in  3.010 seconds
Domain Reload Profiling:
	ReloadAssembly (3011ms)
		BeginReloadAssembly (256ms)
			ExecutionOrderSort (0ms)
			DisableScriptedObjects (11ms)
			BackupInstance (0ms)
			ReleaseScriptingObjects (0ms)
			CreateAndSetChildDomain (78ms)
		EndReloadAssembly (2564ms)
			LoadAssemblies (238ms)
			RebuildTransferFunctionScriptingTraits (0ms)
			SetupTypeCache (805ms)
			ReleaseScriptCaches (2ms)
			RebuildScriptCaches (151ms)
			SetupLoadedEditorAssemblies (893ms)
				LogAssemblyErrors (0ms)
				InitializePlatformSupportModulesInManaged (14ms)
				SetLoadedEditorAssemblies (1ms)
				RefreshPlugins (1ms)
				BeforeProcessingInitializeOnLoad (308ms)
				ProcessInitializeOnLoadAttributes (536ms)
				ProcessInitializeOnLoadMethodAttributes (27ms)
				AfterProcessingInitializeOnLoad (5ms)
				EditorAssembliesLoaded (1ms)
			ExecutionOrderSort2 (0ms)
			AwakeInstancesAfterBackupRestoration (27ms)
Platform modules already initialized, skipping
Switching build target platform(19) subTarget(0) extendedPlatform(0) -> platform(13) subTarget(537395200) extendedPlatform(0)
Refreshing native plugins compatible for Editor in 0.81 ms, found 2 plugins.
Preloading 0 native plugins for Editor in 0.00 ms.
Unloading 1511 Unused Serialized files (Serialized files now loaded: 0)
System memory in use before: 69.7 MB.
System memory in use after: 69.8 MB.

Unloading 14 unused Assets to reduce memory usage. Loaded Objects now: 1964.
Total: 8.381300 ms (FindLiveObjects: 0.397900 ms CreateObjectMapping: 0.099500 ms MarkObjects: 7.821000 ms  DeleteObjects: 0.059200 ms)

AssetImportParameters requested are different than current active one (requested -> active):
  custom:framework-win-MediaFoundation: 216162199b28c13a410421893ffa2e32 -> 
  custom:video-decoder-ogg-theora: a1e56fd34408186e4bbccfd4996cb3dc -> 
  custom:container-muxer-webm: aa71ff27fc2769a1b78a27578f13a17b -> 
  custom:container-demuxer-webm: 4f35f7cbe854078d1ac9338744f61a02 -> 
  custom:container-demuxer-ogg: 62fdf1f143b41e24485cea50d1cbac27 -> 
  custom:video-encoder-webm-vp8: eb34c28f22e8b96e1ab97ce403110664 -> 
  custom:video-decoder-webm-vp8: 9c59270c3fd7afecdb556c50c9e8de78 -> 
  custom:graphics/normal-map-encoding: 01000000000000000000000000000000 -> 02000000000000000000000000000000
  custom:audio-decoder-ogg-vorbis: bf7c407c2cedff20999df2af8eb42d56 -> 
  custom:audio-encoder-webm-vorbis: bf7c407c2cedff20999df2af8eb42d56 -> 
========================================================================
Received Prepare
Registering precompiled user dll's ...
Registered in 0.011200 seconds.
Begin MonoManager ReloadAssembly
Native extension for WindowsStandalone target not found
Refreshing native plugins compatible for Editor in 0.89 ms, found 2 plugins.
Preloading 0 native plugins for Editor in 0.00 ms.
Mono: successfully reloaded assembly
- Completed reload, in  3.029 seconds
Domain Reload Profiling:
	ReloadAssembly (3031ms)
		BeginReloadAssembly (228ms)
			ExecutionOrderSort (0ms)
			DisableScriptedObjects (12ms)
			BackupInstance (0ms)
			ReleaseScriptingObjects (0ms)
			CreateAndSetChildDomain (67ms)
		EndReloadAssembly (2585ms)
			LoadAssemblies (263ms)
			RebuildTransferFunctionScriptingTraits (0ms)
			SetupTypeCache (778ms)
			ReleaseScriptCaches (1ms)
			RebuildScriptCaches (84ms)
			SetupLoadedEditorAssemblies (1056ms)
				LogAssemblyErrors (0ms)
				InitializePlatformSupportModulesInManaged (15ms)
				SetLoadedEditorAssemblies (2ms)
				RefreshPlugins (1ms)
				BeforeProcessingInitializeOnLoad (219ms)
				ProcessInitializeOnLoadAttributes (773ms)
				ProcessInitializeOnLoadMethodAttributes (37ms)
				AfterProcessingInitializeOnLoad (7ms)
				EditorAssembliesLoaded (1ms)
			ExecutionOrderSort2 (0ms)
			AwakeInstancesAfterBackupRestoration (27ms)
Platform modules already initialized, skipping
Switching build target platform(19) subTarget(0) extendedPlatform(0) -> platform(13) subTarget(537395200) extendedPlatform(0)
Refreshing native plugins compatible for Editor in 0.89 ms, found 2 plugins.
Preloading 0 native plugins for Editor in 0.00 ms.
Unloading 1511 Unused Serialized files (Serialized files now loaded: 0)
System memory in use before: 69.7 MB.
System memory in use after: 69.8 MB.

Unloading 14 unused Assets to reduce memory usage. Loaded Objects now: 1966.
Total: 7.645400 ms (FindLiveObjects: 0.334200 ms CreateObjectMapping: 0.107700 ms MarkObjects: 7.149300 ms  DeleteObjects: 0.050700 ms)

AssetImportParameters requested are different than current active one (requested -> active):
  custom:framework-win-MediaFoundation: 216162199b28c13a410421893ffa2e32 -> 
  custom:video-decoder-ogg-theora: a1e56fd34408186e4bbccfd4996cb3dc -> 
  custom:container-muxer-webm: aa71ff27fc2769a1b78a27578f13a17b -> 
  custom:container-demuxer-webm: 4f35f7cbe854078d1ac9338744f61a02 -> 
  custom:container-demuxer-ogg: 62fdf1f143b41e24485cea50d1cbac27 -> 
  custom:video-encoder-webm-vp8: eb34c28f22e8b96e1ab97ce403110664 -> 
  custom:video-decoder-webm-vp8: 9c59270c3fd7afecdb556c50c9e8de78 -> 
  custom:graphics/normal-map-encoding: 01000000000000000000000000000000 -> 02000000000000000000000000000000
  custom:audio-decoder-ogg-vorbis: bf7c407c2cedff20999df2af8eb42d56 -> 
  custom:audio-encoder-webm-vorbis: bf7c407c2cedff20999df2af8eb42d56 -> 
========================================================================
Received Import Request.
  Time since last request: 153.178226 seconds.
  path: Assets/Scripts/ProceduralGeneration.cs
  artifactKey: Guid(5f07e8d6b638b2040b24a75f1b216788) Importer(815301076,1909f56bfc062723c751e8b465ee728b)
Start importing Assets/Scripts/ProceduralGeneration.cs using Guid(5f07e8d6b638b2040b24a75f1b216788) Importer(815301076,1909f56bfc062723c751e8b465ee728b)  -> (artifact id: 'a1248a5f0b20d2f2b99c30c2e2ae720b') in 0.028161 seconds 
  Import took 0.041235 seconds .

========================================================================
Received Prepare
Registering precompiled user dll's ...
Registered in 0.019755 seconds.
Begin MonoManager ReloadAssembly
Native extension for WindowsStandalone target not found
Refreshing native plugins compatible for Editor in 1.31 ms, found 2 plugins.
Preloading 0 native plugins for Editor in 0.00 ms.
Mono: successfully reloaded assembly
- Completed reload, in  3.093 seconds
Domain Reload Profiling:
	ReloadAssembly (3096ms)
		BeginReloadAssembly (335ms)
			ExecutionOrderSort (1ms)
			DisableScriptedObjects (15ms)
			BackupInstance (0ms)
			ReleaseScriptingObjects (0ms)
			CreateAndSetChildDomain (166ms)
		EndReloadAssembly (2664ms)
			LoadAssemblies (165ms)
			RebuildTransferFunctionScriptingTraits (0ms)
			SetupTypeCache (866ms)
			ReleaseScriptCaches (2ms)
			RebuildScriptCaches (148ms)
			SetupLoadedEditorAssemblies (983ms)
				LogAssemblyErrors (0ms)
				InitializePlatformSupportModulesInManaged (23ms)
				SetLoadedEditorAssemblies (2ms)
				RefreshPlugins (2ms)
				BeforeProcessingInitializeOnLoad (294ms)
				ProcessInitializeOnLoadAttributes (622ms)
				ProcessInitializeOnLoadMethodAttributes (33ms)
				AfterProcessingInitializeOnLoad (6ms)
				EditorAssembliesLoaded (1ms)
			ExecutionOrderSort2 (0ms)
			AwakeInstancesAfterBackupRestoration (28ms)
Platform modules already initialized, skipping
Switching build target platform(19) subTarget(0) extendedPlatform(0) -> platform(13) subTarget(537395200) extendedPlatform(0)
Refreshing native plugins compatible for Editor in 0.80 ms, found 2 plugins.
Preloading 0 native plugins for Editor in 0.00 ms.
Unloading 1511 Unused Serialized files (Serialized files now loaded: 0)
System memory in use before: 69.7 MB.
System memory in use after: 69.8 MB.

Unloading 14 unused Assets to reduce memory usage. Loaded Objects now: 1968.
Total: 7.942500 ms (FindLiveObjects: 0.476000 ms CreateObjectMapping: 0.238400 ms MarkObjects: 7.176500 ms  DeleteObjects: 0.047400 ms)

AssetImportParameters requested are different than current active one (requested -> active):
  custom:framework-win-MediaFoundation: 216162199b28c13a410421893ffa2e32 -> 
  custom:video-decoder-ogg-theora: a1e56fd34408186e4bbccfd4996cb3dc -> 
  custom:container-muxer-webm: aa71ff27fc2769a1b78a27578f13a17b -> 
  custom:container-demuxer-webm: 4f35f7cbe854078d1ac9338744f61a02 -> 
  custom:container-demuxer-ogg: 62fdf1f143b41e24485cea50d1cbac27 -> 
  custom:video-encoder-webm-vp8: eb34c28f22e8b96e1ab97ce403110664 -> 
  custom:video-decoder-webm-vp8: 9c59270c3fd7afecdb556c50c9e8de78 -> 
  custom:graphics/normal-map-encoding: 01000000000000000000000000000000 -> 02000000000000000000000000000000
  custom:audio-decoder-ogg-vorbis: bf7c407c2cedff20999df2af8eb42d56 -> 
  custom:audio-encoder-webm-vorbis: bf7c407c2cedff20999df2af8eb42d56 -> 
========================================================================
Received Prepare
Registering precompiled user dll's ...
Registered in 0.015020 seconds.
Begin MonoManager ReloadAssembly
Native extension for WindowsStandalone target not found
Refreshing native plugins compatible for Editor in 0.97 ms, found 2 plugins.
Preloading 0 native plugins for Editor in 0.00 ms.
Mono: successfully reloaded assembly
- Completed reload, in  3.097 seconds
Domain Reload Profiling:
	ReloadAssembly (3098ms)
		BeginReloadAssembly (296ms)
			ExecutionOrderSort (0ms)
			DisableScriptedObjects (16ms)
			BackupInstance (0ms)
			ReleaseScriptingObjects (0ms)
			CreateAndSetChildDomain (92ms)
		EndReloadAssembly (2588ms)
			LoadAssemblies (275ms)
			RebuildTransferFunctionScriptingTraits (0ms)
			SetupTypeCache (934ms)
			ReleaseScriptCaches (2ms)
			RebuildScriptCaches (130ms)
			SetupLoadedEditorAssemblies (884ms)
				LogAssemblyErrors (0ms)
				InitializePlatformSupportModulesInManaged (13ms)
				SetLoadedEditorAssemblies (2ms)
				RefreshPlugins (1ms)
				BeforeProcessingInitializeOnLoad (218ms)
				ProcessInitializeOnLoadAttributes (614ms)
				ProcessInitializeOnLoadMethodAttributes (30ms)
				AfterProcessingInitializeOnLoad (5ms)
				EditorAssembliesLoaded (1ms)
			ExecutionOrderSort2 (0ms)
			AwakeInstancesAfterBackupRestoration (22ms)
Platform modules already initialized, skipping
Switching build target platform(19) subTarget(0) extendedPlatform(0) -> platform(13) subTarget(537395200) extendedPlatform(0)
Refreshing native plugins compatible for Editor in 0.87 ms, found 2 plugins.
Preloading 0 native plugins for Editor in 0.00 ms.
Unloading 1511 Unused Serialized files (Serialized files now loaded: 0)
System memory in use before: 69.7 MB.
System memory in use after: 69.8 MB.

Unloading 14 unused Assets to reduce memory usage. Loaded Objects now: 1970.
Total: 6.137900 ms (FindLiveObjects: 0.284900 ms CreateObjectMapping: 0.075300 ms MarkObjects: 5.742500 ms  DeleteObjects: 0.032800 ms)

AssetImportParameters requested are different than current active one (requested -> active):
  custom:framework-win-MediaFoundation: 216162199b28c13a410421893ffa2e32 -> 
  custom:video-decoder-ogg-theora: a1e56fd34408186e4bbccfd4996cb3dc -> 
  custom:container-muxer-webm: aa71ff27fc2769a1b78a27578f13a17b -> 
  custom:container-demuxer-webm: 4f35f7cbe854078d1ac9338744f61a02 -> 
  custom:container-demuxer-ogg: 62fdf1f143b41e24485cea50d1cbac27 -> 
  custom:video-encoder-webm-vp8: eb34c28f22e8b96e1ab97ce403110664 -> 
  custom:video-decoder-webm-vp8: 9c59270c3fd7afecdb556c50c9e8de78 -> 
  custom:graphics/normal-map-encoding: 01000000000000000000000000000000 -> 02000000000000000000000000000000
  custom:audio-decoder-ogg-vorbis: bf7c407c2cedff20999df2af8eb42d56 -> 
  custom:audio-encoder-webm-vorbis: bf7c407c2cedff20999df2af8eb42d56 -> 
========================================================================
Received Prepare
Registering precompiled user dll's ...
Registered in 0.013761 seconds.
Begin MonoManager ReloadAssembly
Native extension for WindowsStandalone target not found
Refreshing native plugins compatible for Editor in 0.89 ms, found 2 plugins.
Preloading 0 native plugins for Editor in 0.00 ms.
Mono: successfully reloaded assembly
- Completed reload, in  3.315 seconds
Domain Reload Profiling:
	ReloadAssembly (3316ms)
		BeginReloadAssembly (307ms)
			ExecutionOrderSort (0ms)
			DisableScriptedObjects (12ms)
			BackupInstance (0ms)
			ReleaseScriptingObjects (0ms)
			CreateAndSetChildDomain (79ms)
		EndReloadAssembly (2779ms)
			LoadAssemblies (344ms)
			RebuildTransferFunctionScriptingTraits (0ms)
			SetupTypeCache (982ms)
			ReleaseScriptCaches (2ms)
			RebuildScriptCaches (172ms)
			SetupLoadedEditorAssemblies (957ms)
				LogAssemblyErrors (0ms)
				InitializePlatformSupportModulesInManaged (14ms)
				SetLoadedEditorAssemblies (2ms)
				RefreshPlugins (1ms)
				BeforeProcessingInitializeOnLoad (268ms)
				ProcessInitializeOnLoadAttributes (639ms)
				ProcessInitializeOnLoadMethodAttributes (27ms)
				AfterProcessingInitializeOnLoad (5ms)
				EditorAssembliesLoaded (1ms)
			ExecutionOrderSort2 (0ms)
			AwakeInstancesAfterBackupRestoration (20ms)
Platform modules already initialized, skipping
Switching build target platform(19) subTarget(0) extendedPlatform(0) -> platform(13) subTarget(537395200) extendedPlatform(0)
Refreshing native plugins compatible for Editor in 0.81 ms, found 2 plugins.
Preloading 0 native plugins for Editor in 0.00 ms.
Unloading 1511 Unused Serialized files (Serialized files now loaded: 0)
System memory in use before: 69.7 MB.
System memory in use after: 69.8 MB.

Unloading 14 unused Assets to reduce memory usage. Loaded Objects now: 1972.
Total: 7.378600 ms (FindLiveObjects: 0.339800 ms CreateObjectMapping: 0.090800 ms MarkObjects: 6.889000 ms  DeleteObjects: 0.055200 ms)

AssetImportParameters requested are different than current active one (requested -> active):
  custom:framework-win-MediaFoundation: 216162199b28c13a410421893ffa2e32 -> 
  custom:video-decoder-ogg-theora: a1e56fd34408186e4bbccfd4996cb3dc -> 
  custom:container-muxer-webm: aa71ff27fc2769a1b78a27578f13a17b -> 
  custom:container-demuxer-webm: 4f35f7cbe854078d1ac9338744f61a02 -> 
  custom:container-demuxer-ogg: 62fdf1f143b41e24485cea50d1cbac27 -> 
  custom:video-encoder-webm-vp8: eb34c28f22e8b96e1ab97ce403110664 -> 
  custom:video-decoder-webm-vp8: 9c59270c3fd7afecdb556c50c9e8de78 -> 
  custom:graphics/normal-map-encoding: 01000000000000000000000000000000 -> 02000000000000000000000000000000
  custom:audio-decoder-ogg-vorbis: bf7c407c2cedff20999df2af8eb42d56 -> 
  custom:audio-encoder-webm-vorbis: bf7c407c2cedff20999df2af8eb42d56 -> 
========================================================================
Received Prepare
Registering precompiled user dll's ...
Registered in 0.024308 seconds.
Begin MonoManager ReloadAssembly
Native extension for WindowsStandalone target not found
Refreshing native plugins compatible for Editor in 0.91 ms, found 2 plugins.
Preloading 0 native plugins for Editor in 0.00 ms.
Mono: successfully reloaded assembly
- Completed reload, in  3.205 seconds
Domain Reload Profiling:
	ReloadAssembly (3206ms)
		BeginReloadAssembly (245ms)
			ExecutionOrderSort (0ms)
			DisableScriptedObjects (11ms)
			BackupInstance (0ms)
			ReleaseScriptingObjects (0ms)
			CreateAndSetChildDomain (71ms)
		EndReloadAssembly (2763ms)
			LoadAssemblies (256ms)
			RebuildTransferFunctionScriptingTraits (0ms)
			SetupTypeCache (1019ms)
			ReleaseScriptCaches (2ms)
			RebuildScriptCaches (125ms)
			SetupLoadedEditorAssemblies (998ms)
				LogAssemblyErrors (0ms)
				InitializePlatformSupportModulesInManaged (12ms)
				SetLoadedEditorAssemblies (2ms)
				RefreshPlugins (1ms)
				BeforeProcessingInitializeOnLoad (259ms)
				ProcessInitializeOnLoadAttributes (692ms)
				ProcessInitializeOnLoadMethodAttributes (27ms)
				AfterProcessingInitializeOnLoad (5ms)
				EditorAssembliesLoaded (1ms)
			ExecutionOrderSort2 (0ms)
			AwakeInstancesAfterBackupRestoration (22ms)
Platform modules already initialized, skipping
Switching build target platform(19) subTarget(0) extendedPlatform(0) -> platform(13) subTarget(537395200) extendedPlatform(0)
Refreshing native plugins compatible for Editor in 0.81 ms, found 2 plugins.
Preloading 0 native plugins for Editor in 0.00 ms.
Unloading 1511 Unused Serialized files (Serialized files now loaded: 0)
System memory in use before: 69.7 MB.
System memory in use after: 69.8 MB.

Unloading 14 unused Assets to reduce memory usage. Loaded Objects now: 1974.
Total: 7.668800 ms (FindLiveObjects: 0.549400 ms CreateObjectMapping: 0.116500 ms MarkObjects: 6.953800 ms  DeleteObjects: 0.045900 ms)

AssetImportParameters requested are different than current active one (requested -> active):
  custom:framework-win-MediaFoundation: 216162199b28c13a410421893ffa2e32 -> 
  custom:video-decoder-ogg-theora: a1e56fd34408186e4bbccfd4996cb3dc -> 
  custom:container-muxer-webm: aa71ff27fc2769a1b78a27578f13a17b -> 
  custom:container-demuxer-webm: 4f35f7cbe854078d1ac9338744f61a02 -> 
  custom:container-demuxer-ogg: 62fdf1f143b41e24485cea50d1cbac27 -> 
  custom:video-encoder-webm-vp8: eb34c28f22e8b96e1ab97ce403110664 -> 
  custom:video-decoder-webm-vp8: 9c59270c3fd7afecdb556c50c9e8de78 -> 
  custom:graphics/normal-map-encoding: 01000000000000000000000000000000 -> 02000000000000000000000000000000
  custom:audio-decoder-ogg-vorbis: bf7c407c2cedff20999df2af8eb42d56 -> 
  custom:audio-encoder-webm-vorbis: bf7c407c2cedff20999df2af8eb42d56 -> 
========================================================================
Received Prepare
Registering precompiled user dll's ...
Registered in 0.017159 seconds.
Begin MonoManager ReloadAssembly
Native extension for WindowsStandalone target not found
Refreshing native plugins compatible for Editor in 0.91 ms, found 2 plugins.
Preloading 0 native plugins for Editor in 0.00 ms.
Mono: successfully reloaded assembly
- Completed reload, in  3.021 seconds
Domain Reload Profiling:
	ReloadAssembly (3022ms)
		BeginReloadAssembly (309ms)
			ExecutionOrderSort (0ms)
			DisableScriptedObjects (15ms)
			BackupInstance (0ms)
			ReleaseScriptingObjects (0ms)
			CreateAndSetChildDomain (94ms)
		EndReloadAssembly (2506ms)
			LoadAssemblies (287ms)
			RebuildTransferFunctionScriptingTraits (0ms)
			SetupTypeCache (886ms)
			ReleaseScriptCaches (2ms)
			RebuildScriptCaches (119ms)
			SetupLoadedEditorAssemblies (855ms)
				LogAssemblyErrors (0ms)
				InitializePlatformSupportModulesInManaged (13ms)
				SetLoadedEditorAssemblies (2ms)
				RefreshPlugins (1ms)
				BeforeProcessingInitializeOnLoad (214ms)
				ProcessInitializeOnLoadAttributes (589ms)
				ProcessInitializeOnLoadMethodAttributes (30ms)
				AfterProcessingInitializeOnLoad (6ms)
				EditorAssembliesLoaded (1ms)
			ExecutionOrderSort2 (0ms)
			AwakeInstancesAfterBackupRestoration (21ms)
Platform modules already initialized, skipping
Switching build target platform(19) subTarget(0) extendedPlatform(0) -> platform(13) subTarget(537395200) extendedPlatform(0)
Refreshing native plugins compatible for Editor in 0.89 ms, found 2 plugins.
Preloading 0 native plugins for Editor in 0.00 ms.
Unloading 1511 Unused Serialized files (Serialized files now loaded: 0)
System memory in use before: 69.7 MB.
System memory in use after: 69.8 MB.

Unloading 14 unused Assets to reduce memory usage. Loaded Objects now: 1976.
Total: 8.083500 ms (FindLiveObjects: 0.417900 ms CreateObjectMapping: 0.106100 ms MarkObjects: 7.501800 ms  DeleteObjects: 0.054400 ms)

AssetImportParameters requested are different than current active one (requested -> active):
  custom:framework-win-MediaFoundation: 216162199b28c13a410421893ffa2e32 -> 
  custom:video-decoder-ogg-theora: a1e56fd34408186e4bbccfd4996cb3dc -> 
  custom:container-muxer-webm: aa71ff27fc2769a1b78a27578f13a17b -> 
  custom:container-demuxer-webm: 4f35f7cbe854078d1ac9338744f61a02 -> 
  custom:container-demuxer-ogg: 62fdf1f143b41e24485cea50d1cbac27 -> 
  custom:video-encoder-webm-vp8: eb34c28f22e8b96e1ab97ce403110664 -> 
  custom:video-decoder-webm-vp8: 9c59270c3fd7afecdb556c50c9e8de78 -> 
  custom:graphics/normal-map-encoding: 01000000000000000000000000000000 -> 02000000000000000000000000000000
  custom:audio-decoder-ogg-vorbis: bf7c407c2cedff20999df2af8eb42d56 -> 
  custom:audio-encoder-webm-vorbis: bf7c407c2cedff20999df2af8eb42d56 -> 
========================================================================
Received Prepare
Registering precompiled user dll's ...
Registered in 0.018408 seconds.
Begin MonoManager ReloadAssembly
Native extension for WindowsStandalone target not found
Refreshing native plugins compatible for Editor in 0.90 ms, found 2 plugins.
Preloading 0 native plugins for Editor in 0.00 ms.
Mono: successfully reloaded assembly
- Completed reload, in  3.178 seconds
Domain Reload Profiling:
	ReloadAssembly (3179ms)
		BeginReloadAssembly (316ms)
			ExecutionOrderSort (0ms)
			DisableScriptedObjects (18ms)
			BackupInstance (0ms)
			ReleaseScriptingObjects (0ms)
			CreateAndSetChildDomain (94ms)
		EndReloadAssembly (2667ms)
			LoadAssemblies (293ms)
			RebuildTransferFunctionScriptingTraits (0ms)
			SetupTypeCache (994ms)
			ReleaseScriptCaches (2ms)
			RebuildScriptCaches (128ms)
			SetupLoadedEditorAssemblies (865ms)
				LogAssemblyErrors (0ms)
				InitializePlatformSupportModulesInManaged (13ms)
				SetLoadedEditorAssemblies (2ms)
				RefreshPlugins (1ms)
				BeforeProcessingInitializeOnLoad (208ms)
				ProcessInitializeOnLoadAttributes (604ms)
				ProcessInitializeOnLoadMethodAttributes (31ms)
				AfterProcessingInitializeOnLoad (6ms)
				EditorAssembliesLoaded (1ms)
			ExecutionOrderSort2 (0ms)
			AwakeInstancesAfterBackupRestoration (24ms)
Platform modules already initialized, skipping
Switching build target platform(19) subTarget(0) extendedPlatform(0) -> platform(13) subTarget(537395200) extendedPlatform(0)
Refreshing native plugins compatible for Editor in 0.88 ms, found 2 plugins.
Preloading 0 native plugins for Editor in 0.00 ms.
Unloading 1511 Unused Serialized files (Serialized files now loaded: 0)
System memory in use before: 69.7 MB.
System memory in use after: 69.8 MB.

Unloading 14 unused Assets to reduce memory usage. Loaded Objects now: 1978.
Total: 8.652000 ms (FindLiveObjects: 0.390700 ms CreateObjectMapping: 0.095300 ms MarkObjects: 8.110900 ms  DeleteObjects: 0.052100 ms)

AssetImportParameters requested are different than current active one (requested -> active):
  custom:framework-win-MediaFoundation: 216162199b28c13a410421893ffa2e32 -> 
  custom:video-decoder-ogg-theora: a1e56fd34408186e4bbccfd4996cb3dc -> 
  custom:container-muxer-webm: aa71ff27fc2769a1b78a27578f13a17b -> 
  custom:container-demuxer-webm: 4f35f7cbe854078d1ac9338744f61a02 -> 
  custom:container-demuxer-ogg: 62fdf1f143b41e24485cea50d1cbac27 -> 
  custom:video-encoder-webm-vp8: eb34c28f22e8b96e1ab97ce403110664 -> 
  custom:video-decoder-webm-vp8: 9c59270c3fd7afecdb556c50c9e8de78 -> 
  custom:graphics/normal-map-encoding: 01000000000000000000000000000000 -> 02000000000000000000000000000000
  custom:audio-decoder-ogg-vorbis: bf7c407c2cedff20999df2af8eb42d56 -> 
  custom:audio-encoder-webm-vorbis: bf7c407c2cedff20999df2af8eb42d56 -> 
========================================================================
Received Import Request.
  Time since last request: 4687.553194 seconds.
  path: Assets/Scripts/ScriptableObjects
  artifactKey: Guid(6e704aa73c4178843917f0902a146331) Importer(815301076,1909f56bfc062723c751e8b465ee728b)
Start importing Assets/Scripts/ScriptableObjects using Guid(6e704aa73c4178843917f0902a146331) Importer(815301076,1909f56bfc062723c751e8b465ee728b)  -> (artifact id: '0354f8f529770964d44a089e577c6de3') in 0.055289 seconds 
  Import took 0.072612 seconds .

========================================================================
Received Import Request.
  Time since last request: 74.596577 seconds.
  path: Assets/Scripts/ScriptableObjects/Spawnable.cs
  artifactKey: Guid(9b87fa7a7cc12d34782097ffe1c5a9e3) Importer(815301076,1909f56bfc062723c751e8b465ee728b)
Start importing Assets/Scripts/ScriptableObjects/Spawnable.cs using Guid(9b87fa7a7cc12d34782097ffe1c5a9e3) Importer(815301076,1909f56bfc062723c751e8b465ee728b)  -> (artifact id: '39b8eac9fcf5ecb596a76ef15295caad') in 0.040299 seconds 
  Import took 0.053957 seconds .

========================================================================
Received Prepare
Registering precompiled user dll's ...
Registered in 0.018971 seconds.
Begin MonoManager ReloadAssembly
Native extension for WindowsStandalone target not found
Refreshing native plugins compatible for Editor in 0.93 ms, found 2 plugins.
Preloading 0 native plugins for Editor in 0.00 ms.
Mono: successfully reloaded assembly
- Completed reload, in  3.078 seconds
Domain Reload Profiling:
	ReloadAssembly (3079ms)
		BeginReloadAssembly (310ms)
			ExecutionOrderSort (0ms)
			DisableScriptedObjects (12ms)
			BackupInstance (0ms)
			ReleaseScriptingObjects (0ms)
			CreateAndSetChildDomain (96ms)
		EndReloadAssembly (2550ms)
			LoadAssemblies (292ms)
			RebuildTransferFunctionScriptingTraits (0ms)
			SetupTypeCache (906ms)
			ReleaseScriptCaches (2ms)
			RebuildScriptCaches (115ms)
			SetupLoadedEditorAssemblies (860ms)
				LogAssemblyErrors (0ms)
				InitializePlatformSupportModulesInManaged (13ms)
				SetLoadedEditorAssemblies (2ms)
				RefreshPlugins (1ms)
				BeforeProcessingInitializeOnLoad (214ms)
				ProcessInitializeOnLoadAttributes (596ms)
				ProcessInitializeOnLoadMethodAttributes (27ms)
				AfterProcessingInitializeOnLoad (6ms)
				EditorAssembliesLoaded (1ms)
			ExecutionOrderSort2 (0ms)
			AwakeInstancesAfterBackupRestoration (21ms)
Platform modules already initialized, skipping
Switching build target platform(19) subTarget(0) extendedPlatform(0) -> platform(13) subTarget(537395200) extendedPlatform(0)
Refreshing native plugins compatible for Editor in 0.81 ms, found 2 plugins.
Preloading 0 native plugins for Editor in 0.00 ms.
Unloading 1512 Unused Serialized files (Serialized files now loaded: 0)
System memory in use before: 69.7 MB.
System memory in use after: 69.8 MB.

Unloading 14 unused Assets to reduce memory usage. Loaded Objects now: 1981.
Total: 6.614400 ms (FindLiveObjects: 0.405800 ms CreateObjectMapping: 0.077500 ms MarkObjects: 6.069300 ms  DeleteObjects: 0.043300 ms)

AssetImportParameters requested are different than current active one (requested -> active):
  custom:framework-win-MediaFoundation: 216162199b28c13a410421893ffa2e32 -> 
  custom:video-decoder-ogg-theora: a1e56fd34408186e4bbccfd4996cb3dc -> 
  custom:container-muxer-webm: aa71ff27fc2769a1b78a27578f13a17b -> 
  custom:container-demuxer-webm: 4f35f7cbe854078d1ac9338744f61a02 -> 
  custom:container-demuxer-ogg: 62fdf1f143b41e24485cea50d1cbac27 -> 
  custom:video-encoder-webm-vp8: eb34c28f22e8b96e1ab97ce403110664 -> 
  custom:video-decoder-webm-vp8: 9c59270c3fd7afecdb556c50c9e8de78 -> 
  custom:graphics/normal-map-encoding: 01000000000000000000000000000000 -> 02000000000000000000000000000000
  custom:audio-decoder-ogg-vorbis: bf7c407c2cedff20999df2af8eb42d56 -> 
  custom:audio-encoder-webm-vorbis: bf7c407c2cedff20999df2af8eb42d56 -> 
========================================================================
Received Import Request.
  Time since last request: 228.749719 seconds.
  path: Assets/Scripts/ScriptableObjects/Spawnable.cs
  artifactKey: Guid(9b87fa7a7cc12d34782097ffe1c5a9e3) Importer(815301076,1909f56bfc062723c751e8b465ee728b)
Start importing Assets/Scripts/ScriptableObjects/Spawnable.cs using Guid(9b87fa7a7cc12d34782097ffe1c5a9e3) Importer(815301076,1909f56bfc062723c751e8b465ee728b)  -> (artifact id: '89c917254bfab877a3114e2baccdecb3') in 0.024723 seconds 
  Import took 0.033027 seconds .

========================================================================
Received Import Request.
  Time since last request: 7.506152 seconds.
  path: Assets/Scripts/ScriptableObjects/Spawnable.cs
  artifactKey: Guid(9b87fa7a7cc12d34782097ffe1c5a9e3) Importer(815301076,1909f56bfc062723c751e8b465ee728b)
Start importing Assets/Scripts/ScriptableObjects/Spawnable.cs using Guid(9b87fa7a7cc12d34782097ffe1c5a9e3) Importer(815301076,1909f56bfc062723c751e8b465ee728b)  -> (artifact id: '54c68fd56b683b0ed3cf7d9784a51687') in 0.013408 seconds 
  Import took 0.026817 seconds .

========================================================================
Received Import Request.
  Time since last request: 3.143084 seconds.
  path: Assets/Scripts/ScriptableObjects/Spawnable.cs
  artifactKey: Guid(9b87fa7a7cc12d34782097ffe1c5a9e3) Importer(815301076,1909f56bfc062723c751e8b465ee728b)
Start importing Assets/Scripts/ScriptableObjects/Spawnable.cs using Guid(9b87fa7a7cc12d34782097ffe1c5a9e3) Importer(815301076,1909f56bfc062723c751e8b465ee728b)  -> (artifact id: '0f74bfc4303a66302d2e779df328aa4e') in 0.013966 seconds 
  Import took 0.021027 seconds .

========================================================================
Received Import Request.
  Time since last request: 303.402837 seconds.
  path: Assets/Scripts/ScriptableObjects/Spawnable.cs
  artifactKey: Guid(9b87fa7a7cc12d34782097ffe1c5a9e3) Importer(815301076,1909f56bfc062723c751e8b465ee728b)
Start importing Assets/Scripts/ScriptableObjects/Spawnable.cs using Guid(9b87fa7a7cc12d34782097ffe1c5a9e3) Importer(815301076,1909f56bfc062723c751e8b465ee728b)  -> (artifact id: 'c629f0ca912ea2d61181dae849fe6990') in 0.011639 seconds 
  Import took 0.024341 seconds .

========================================================================
Received Prepare
Registering precompiled user dll's ...
Registered in 0.017047 seconds.
Begin MonoManager ReloadAssembly
Native extension for WindowsStandalone target not found
Refreshing native plugins compatible for Editor in 0.90 ms, found 2 plugins.
Preloading 0 native plugins for Editor in 0.00 ms.
Mono: successfully reloaded assembly
- Completed reload, in  3.055 seconds
Domain Reload Profiling:
	ReloadAssembly (3057ms)
		BeginReloadAssembly (336ms)
			ExecutionOrderSort (0ms)
			DisableScriptedObjects (21ms)
			BackupInstance (0ms)
			ReleaseScriptingObjects (0ms)
			CreateAndSetChildDomain (102ms)
		EndReloadAssembly (2486ms)
			LoadAssemblies (324ms)
			RebuildTransferFunctionScriptingTraits (0ms)
			SetupTypeCache (818ms)
			ReleaseScriptCaches (2ms)
			RebuildScriptCaches (116ms)
			SetupLoadedEditorAssemblies (867ms)
				LogAssemblyErrors (0ms)
				InitializePlatformSupportModulesInManaged (12ms)
				SetLoadedEditorAssemblies (1ms)
				RefreshPlugins (1ms)
				BeforeProcessingInitializeOnLoad (208ms)
				ProcessInitializeOnLoadAttributes (610ms)
				ProcessInitializeOnLoadMethodAttributes (28ms)
				AfterProcessingInitializeOnLoad (6ms)
				EditorAssembliesLoaded (1ms)
			ExecutionOrderSort2 (0ms)
			AwakeInstancesAfterBackupRestoration (21ms)
Platform modules already initialized, skipping
Switching build target platform(19) subTarget(0) extendedPlatform(0) -> platform(13) subTarget(537395200) extendedPlatform(0)
Refreshing native plugins compatible for Editor in 0.88 ms, found 2 plugins.
Preloading 0 native plugins for Editor in 0.00 ms.
Unloading 1512 Unused Serialized files (Serialized files now loaded: 0)
System memory in use before: 69.7 MB.
System memory in use after: 69.8 MB.

Unloading 14 unused Assets to reduce memory usage. Loaded Objects now: 1983.
Total: 10.049000 ms (FindLiveObjects: 0.549200 ms CreateObjectMapping: 0.150700 ms MarkObjects: 9.298300 ms  DeleteObjects: 0.048000 ms)

AssetImportParameters requested are different than current active one (requested -> active):
  custom:framework-win-MediaFoundation: 216162199b28c13a410421893ffa2e32 -> 
  custom:video-decoder-ogg-theora: a1e56fd34408186e4bbccfd4996cb3dc -> 
  custom:container-muxer-webm: aa71ff27fc2769a1b78a27578f13a17b -> 
  custom:container-demuxer-webm: 4f35f7cbe854078d1ac9338744f61a02 -> 
  custom:container-demuxer-ogg: 62fdf1f143b41e24485cea50d1cbac27 -> 
  custom:video-encoder-webm-vp8: eb34c28f22e8b96e1ab97ce403110664 -> 
  custom:video-decoder-webm-vp8: 9c59270c3fd7afecdb556c50c9e8de78 -> 
  custom:graphics/normal-map-encoding: 01000000000000000000000000000000 -> 02000000000000000000000000000000
  custom:audio-decoder-ogg-vorbis: bf7c407c2cedff20999df2af8eb42d56 -> 
  custom:audio-encoder-webm-vorbis: bf7c407c2cedff20999df2af8eb42d56 -> 
AssetImportWorkerClient::OnTransportError - code=2 error=End of file
